<?xml version="1.0" encoding="UTF-8"?>
<coverage generated="1657806832441" clover="3.2.0">
  <project timestamp="1657806832441" name="All files">
    <metrics statements="36" coveredstatements="33" conditionals="10" coveredconditionals="7" methods="5" coveredmethods="5" elements="51" coveredelements="45" complexity="0" loc="36" ncloc="36" packages="1" files="2" classes="2"/>
    <file name="compare.js" path="/mnt/a/hexlet/frontend-project-lvl2/src/compare.js">
      <metrics statements="19" coveredstatements="16" conditionals="6" coveredconditionals="5" methods="2" coveredmethods="2"/>
      <line num="5" count="4" type="stmt"/>
      <line num="6" count="4" type="stmt"/>
      <line num="8" count="4" type="stmt"/>
      <line num="10" count="4" type="stmt"/>
      <line num="11" count="16" type="stmt"/>
      <line num="12" count="16" type="stmt"/>
      <line num="14" count="16" type="cond" truecount="2" falsecount="0"/>
      <line num="15" count="4" type="stmt"/>
      <line num="16" count="4" type="stmt"/>
      <line num="18" count="12" type="cond" truecount="2" falsecount="0"/>
      <line num="19" count="4" type="stmt"/>
      <line num="20" count="4" type="stmt"/>
      <line num="22" count="8" type="cond" truecount="1" falsecount="1"/>
      <line num="23" count="8" type="stmt"/>
      <line num="24" count="8" type="stmt"/>
      <line num="26" count="0" type="stmt"/>
      <line num="27" count="0" type="stmt"/>
      <line num="29" count="0" type="stmt"/>
      <line num="32" count="4" type="stmt"/>
    </file>
    <file name="index.js" path="/mnt/a/hexlet/frontend-project-lvl2/src/index.js">
      <metrics statements="17" coveredstatements="17" conditionals="4" coveredconditionals="2" methods="3" coveredmethods="3"/>
      <line num="6" count="1" type="stmt"/>
      <line num="7" count="8" type="stmt"/>
      <line num="8" count="8" type="stmt"/>
      <line num="10" count="8" type="stmt"/>
      <line num="13" count="1" type="stmt"/>
      <line num="14" count="8" type="stmt"/>
      <line num="15" count="8" type="stmt"/>
      <line num="16" count="8" type="stmt"/>
      <line num="17" count="8" type="stmt"/>
      <line num="20" count="1" type="stmt"/>
      <line num="21" count="4" type="stmt"/>
      <line num="22" count="4" type="stmt"/>
      <line num="27" count="4" type="cond" truecount="1" falsecount="1"/>
      <line num="28" count="4" type="stmt"/>
      <line num="30" count="4" type="cond" truecount="1" falsecount="1"/>
      <line num="31" count="4" type="stmt"/>
      <line num="34" count="4" type="stmt"/>
    </file>
  </project>
</coverage>
