<?xml version="1.0" encoding="UTF-8"?>
<coverage generated="1659570471562" clover="3.2.0">
  <project timestamp="1659570471563" name="All files">
    <metrics statements="121" coveredstatements="121" conditionals="38" coveredconditionals="38" methods="10" coveredmethods="10" elements="169" coveredelements="169" complexity="0" loc="121" ncloc="121" packages="1" files="5" classes="5"/>
    <file name="compare.js" path="/mnt/a/hexlet/frontend-project-lvl2/src/compare.js">
      <metrics statements="12" coveredstatements="12" conditionals="8" coveredconditionals="8" methods="1" coveredmethods="1"/>
      <line num="1" count="1" type="cond" truecount="1" falsecount="0"/>
      <line num="2" count="44" type="cond" truecount="1" falsecount="0"/>
      <line num="3" count="30" type="cond" truecount="1" falsecount="0"/>
      <line num="4" count="10" type="stmt"/>
      <line num="5" count="30" type="cond" truecount="2" falsecount="0"/>
      <line num="6" count="4" type="stmt"/>
      <line num="7" count="30" type="cond" truecount="2" falsecount="0"/>
      <line num="8" count="16" type="stmt"/>
      <line num="9" count="16" type="stmt"/>
      <line num="10" count="30" type="stmt"/>
      <line num="11" count="14" type="cond" truecount="1" falsecount="0"/>
      <line num="12" count="14" type="stmt"/>
    </file>
    <file name="formatter.js" path="/mnt/a/hexlet/frontend-project-lvl2/src/formatter.js">
      <metrics statements="46" coveredstatements="46" conditionals="13" coveredconditionals="13" methods="4" coveredmethods="4"/>
      <line num="1" count="1" type="stmt"/>
      <line num="2" count="1" type="stmt"/>
      <line num="3" count="1" type="cond" truecount="1" falsecount="0"/>
      <line num="4" count="66" type="cond" truecount="1" falsecount="0"/>
      <line num="5" count="52" type="stmt"/>
      <line num="6" count="52" type="stmt"/>
      <line num="7" count="14" type="cond" truecount="1" falsecount="0"/>
      <line num="8" count="14" type="stmt"/>
      <line num="9" count="14" type="stmt"/>
      <line num="10" count="14" type="cond" truecount="1" falsecount="0"/>
      <line num="11" count="14" type="stmt"/>
      <line num="12" count="14" type="stmt"/>
      <line num="13" count="14" type="stmt"/>
      <line num="14" count="1" type="stmt"/>
      <line num="15" count="1" type="stmt"/>
      <line num="16" count="1" type="stmt"/>
      <line num="17" count="1" type="stmt"/>
      <line num="18" count="1" type="stmt"/>
      <line num="19" count="1" type="stmt"/>
      <line num="20" count="1" type="stmt"/>
      <line num="21" count="1" type="cond" truecount="1" falsecount="0"/>
      <line num="22" count="8" type="stmt"/>
      <line num="23" count="8" type="cond" truecount="2" falsecount="0"/>
      <line num="24" count="44" type="stmt"/>
      <line num="25" count="44" type="stmt"/>
      <line num="26" count="44" type="stmt"/>
      <line num="27" count="44" type="cond" truecount="1" falsecount="0"/>
      <line num="28" count="44" type="stmt"/>
      <line num="29" count="44" type="stmt"/>
      <line num="30" count="44" type="cond" truecount="1" falsecount="0"/>
      <line num="31" count="44" type="stmt"/>
      <line num="32" count="44" type="cond" truecount="1" falsecount="0"/>
      <line num="33" count="44" type="stmt"/>
      <line num="34" count="44" type="cond" truecount="1" falsecount="0"/>
      <line num="35" count="44" type="stmt"/>
      <line num="36" count="44" type="cond" truecount="1" falsecount="0"/>
      <line num="37" count="44" type="stmt"/>
      <line num="38" count="44" type="cond" truecount="1" falsecount="0"/>
      <line num="39" count="44" type="stmt"/>
      <line num="40" count="44" type="stmt"/>
      <line num="41" count="44" type="stmt"/>
      <line num="42" count="8" type="stmt"/>
      <line num="43" count="8" type="stmt"/>
      <line num="44" count="8" type="stmt"/>
      <line num="45" count="1" type="stmt"/>
      <line num="46" count="1" type="stmt"/>
    </file>
    <file name="index.js" path="/mnt/a/hexlet/frontend-project-lvl2/src/index.js">
      <metrics statements="18" coveredstatements="18" conditionals="2" coveredconditionals="2" methods="2" coveredmethods="2"/>
      <line num="1" count="1" type="stmt"/>
      <line num="2" count="1" type="stmt"/>
      <line num="3" count="1" type="stmt"/>
      <line num="4" count="1" type="stmt"/>
      <line num="5" count="1" type="stmt"/>
      <line num="6" count="1" type="stmt"/>
      <line num="7" count="1" type="stmt"/>
      <line num="8" count="1" type="cond" truecount="1" falsecount="0"/>
      <line num="9" count="8" type="cond" truecount="1" falsecount="0"/>
      <line num="10" count="8" type="stmt"/>
      <line num="11" count="8" type="stmt"/>
      <line num="12" count="8" type="stmt"/>
      <line num="13" count="8" type="stmt"/>
      <line num="14" count="8" type="stmt"/>
      <line num="15" count="8" type="stmt"/>
      <line num="16" count="8" type="stmt"/>
      <line num="17" count="1" type="stmt"/>
      <line num="18" count="1" type="stmt"/>
    </file>
    <file name="parsers.js" path="/mnt/a/hexlet/frontend-project-lvl2/src/parsers.js">
      <metrics statements="16" coveredstatements="16" conditionals="4" coveredconditionals="4" methods="2" coveredmethods="2"/>
      <line num="1" count="1" type="stmt"/>
      <line num="2" count="1" type="stmt"/>
      <line num="3" count="1" type="stmt"/>
      <line num="4" count="1" type="cond" truecount="1" falsecount="0"/>
      <line num="5" count="16" type="cond" truecount="1" falsecount="0"/>
      <line num="6" count="16" type="stmt"/>
      <line num="7" count="16" type="stmt"/>
      <line num="8" count="16" type="cond" truecount="1" falsecount="0"/>
      <line num="9" count="8" type="stmt"/>
      <line num="10" count="16" type="cond" truecount="1" falsecount="0"/>
      <line num="11" count="8" type="stmt"/>
      <line num="12" count="8" type="stmt"/>
      <line num="13" count="16" type="stmt"/>
      <line num="14" count="16" type="stmt"/>
      <line num="15" count="1" type="stmt"/>
      <line num="16" count="1" type="stmt"/>
    </file>
    <file name="stylish.js" path="/mnt/a/hexlet/frontend-project-lvl2/src/stylish.js">
      <metrics statements="29" coveredstatements="29" conditionals="11" coveredconditionals="11" methods="1" coveredmethods="1"/>
      <line num="1" count="1" type="stmt"/>
      <line num="2" count="1" type="stmt"/>
      <line num="3" count="1" type="stmt"/>
      <line num="4" count="1" type="cond" truecount="1" falsecount="0"/>
      <line num="5" count="20" type="stmt"/>
      <line num="6" count="20" type="stmt"/>
      <line num="7" count="20" type="stmt"/>
      <line num="8" count="20" type="stmt"/>
      <line num="9" count="20" type="cond" truecount="1" falsecount="0"/>
      <line num="10" count="44" type="stmt"/>
      <line num="11" count="44" type="stmt"/>
      <line num="12" count="44" type="stmt"/>
      <line num="13" count="44" type="stmt"/>
      <line num="14" count="44" type="cond" truecount="2" falsecount="0"/>
      <line num="15" count="12" type="stmt"/>
      <line num="16" count="44" type="cond" truecount="2" falsecount="0"/>
      <line num="17" count="4" type="stmt"/>
      <line num="18" count="44" type="cond" truecount="2" falsecount="0"/>
      <line num="19" count="10" type="stmt"/>
      <line num="20" count="44" type="cond" truecount="2" falsecount="0"/>
      <line num="21" count="14" type="stmt"/>
      <line num="22" count="14" type="stmt"/>
      <line num="23" count="4" type="cond" truecount="1" falsecount="0"/>
      <line num="24" count="4" type="stmt"/>
      <line num="25" count="4" type="stmt"/>
      <line num="26" count="4" type="stmt"/>
      <line num="27" count="20" type="stmt"/>
      <line num="28" count="1" type="stmt"/>
      <line num="29" count="1" type="stmt"/>
    </file>
  </project>
</coverage>
