{"/mnt/a/hexlet/frontend-project-lvl2/src/compare.js": {"path":"/mnt/a/hexlet/frontend-project-lvl2/src/compare.js","statementMap":{"0":{"start":{"line":5,"column":16},"end":{"line":5,"column":33}},"1":{"start":{"line":6,"column":16},"end":{"line":6,"column":33}},"2":{"start":{"line":8,"column":20},"end":{"line":8,"column":58}},"3":{"start":{"line":10,"column":17},"end":{"line":30,"column":8}},"4":{"start":{"line":11,"column":23},"end":{"line":11,"column":32}},"5":{"start":{"line":12,"column":24},"end":{"line":12,"column":33}},"6":{"start":{"line":14,"column":4},"end":{"line":17,"column":5}},"7":{"start":{"line":15,"column":6},"end":{"line":15,"column":44}},"8":{"start":{"line":16,"column":6},"end":{"line":16,"column":17}},"9":{"start":{"line":18,"column":4},"end":{"line":21,"column":5}},"10":{"start":{"line":19,"column":6},"end":{"line":19,"column":44}},"11":{"start":{"line":20,"column":6},"end":{"line":20,"column":17}},"12":{"start":{"line":22,"column":4},"end":{"line":25,"column":5}},"13":{"start":{"line":23,"column":6},"end":{"line":23,"column":43}},"14":{"start":{"line":24,"column":6},"end":{"line":24,"column":17}},"15":{"start":{"line":26,"column":4},"end":{"line":26,"column":41}},"16":{"start":{"line":27,"column":4},"end":{"line":27,"column":42}},"17":{"start":{"line":29,"column":4},"end":{"line":29,"column":15}},"18":{"start":{"line":32,"column":2},"end":{"line":32,"column":16}}},"fnMap":{"0":{"name":"(anonymous_0)","decl":{"start":{"line":4,"column":15},"end":{"line":4,"column":16}},"loc":{"start":{"line":4,"column":31},"end":{"line":33,"column":1}},"line":4},"1":{"name":"(anonymous_1)","decl":{"start":{"line":10,"column":34},"end":{"line":10,"column":35}},"loc":{"start":{"line":10,"column":48},"end":{"line":30,"column":3}},"line":10}},"branchMap":{"0":{"loc":{"start":{"line":14,"column":4},"end":{"line":17,"column":5}},"type":"if","locations":[{"start":{"line":14,"column":4},"end":{"line":17,"column":5}},{"start":{},"end":{}}],"line":14},"1":{"loc":{"start":{"line":18,"column":4},"end":{"line":21,"column":5}},"type":"if","locations":[{"start":{"line":18,"column":4},"end":{"line":21,"column":5}},{"start":{},"end":{}}],"line":18},"2":{"loc":{"start":{"line":22,"column":4},"end":{"line":25,"column":5}},"type":"if","locations":[{"start":{"line":22,"column":4},"end":{"line":25,"column":5}},{"start":{},"end":{}}],"line":22}},"s":{"0":4,"1":4,"2":4,"3":4,"4":16,"5":16,"6":16,"7":4,"8":4,"9":12,"10":4,"11":4,"12":8,"13":8,"14":8,"15":0,"16":0,"17":0,"18":4},"f":{"0":4,"1":16},"b":{"0":[4,12],"1":[4,8],"2":[8,0]},"_coverageSchema":"1a1c01bbd47fc00a2c39e90264f33305004495a9","hash":"c9bc7fa5d47b506c336eafefdff3f109edd518f0"}
,"/mnt/a/hexlet/frontend-project-lvl2/src/index.js": {"path":"/mnt/a/hexlet/frontend-project-lvl2/src/index.js","statementMap":{"0":{"start":{"line":6,"column":18},"end":{"line":11,"column":1}},"1":{"start":{"line":7,"column":20},"end":{"line":7,"column":39}},"2":{"start":{"line":8,"column":20},"end":{"line":8,"column":39}},"3":{"start":{"line":10,"column":2},"end":{"line":10,"column":22}},"4":{"start":{"line":13,"column":21},"end":{"line":18,"column":1}},"5":{"start":{"line":14,"column":22},"end":{"line":14,"column":27}},"6":{"start":{"line":15,"column":19},"end":{"line":15,"column":94}},"7":{"start":{"line":16,"column":19},"end":{"line":16,"column":39}},"8":{"start":{"line":17,"column":2},"end":{"line":17,"column":18}},"9":{"start":{"line":20,"column":16},"end":{"line":35,"column":1}},"10":{"start":{"line":21,"column":24},"end":{"line":21,"column":40}},"11":{"start":{"line":22,"column":25},"end":{"line":22,"column":41}},"12":{"start":{"line":27,"column":2},"end":{"line":29,"column":3}},"13":{"start":{"line":28,"column":4},"end":{"line":28,"column":36}},"14":{"start":{"line":30,"column":2},"end":{"line":32,"column":3}},"15":{"start":{"line":31,"column":4},"end":{"line":31,"column":36}},"16":{"start":{"line":34,"column":2},"end":{"line":34,"column":48}}},"fnMap":{"0":{"name":"(anonymous_0)","decl":{"start":{"line":6,"column":18},"end":{"line":6,"column":19}},"loc":{"start":{"line":6,"column":32},"end":{"line":11,"column":1}},"line":6},"1":{"name":"(anonymous_1)","decl":{"start":{"line":13,"column":21},"end":{"line":13,"column":22}},"loc":{"start":{"line":13,"column":35},"end":{"line":18,"column":1}},"line":13},"2":{"name":"(anonymous_2)","decl":{"start":{"line":20,"column":16},"end":{"line":20,"column":17}},"loc":{"start":{"line":20,"column":34},"end":{"line":35,"column":1}},"line":20}},"branchMap":{"0":{"loc":{"start":{"line":27,"column":2},"end":{"line":29,"column":3}},"type":"if","locations":[{"start":{"line":27,"column":2},"end":{"line":29,"column":3}},{"start":{},"end":{}}],"line":27},"1":{"loc":{"start":{"line":30,"column":2},"end":{"line":32,"column":3}},"type":"if","locations":[{"start":{"line":30,"column":2},"end":{"line":32,"column":3}},{"start":{},"end":{}}],"line":30}},"s":{"0":1,"1":8,"2":8,"3":8,"4":1,"5":8,"6":8,"7":8,"8":8,"9":1,"10":4,"11":4,"12":4,"13":4,"14":4,"15":4,"16":4},"f":{"0":8,"1":8,"2":4},"b":{"0":[4,0],"1":[4,0]},"_coverageSchema":"1a1c01bbd47fc00a2c39e90264f33305004495a9","hash":"aeb4e5f90ce6cef17ec376b74c694f512c22377b"}
}
