{"/mnt/a/hexlet/frontend-project-lvl2/src/compare.js": {"path":"/mnt/a/hexlet/frontend-project-lvl2/src/compare.js","all":false,"statementMap":{"0":{"start":{"line":1,"column":0},"end":{"line":1,"column":36}},"1":{"start":{"line":2,"column":0},"end":{"line":2,"column":26}},"2":{"start":{"line":3,"column":0},"end":{"line":3,"column":31}},"3":{"start":{"line":4,"column":0},"end":{"line":4,"column":27}},"4":{"start":{"line":5,"column":0},"end":{"line":5,"column":33}},"5":{"start":{"line":6,"column":0},"end":{"line":6,"column":26}},"6":{"start":{"line":7,"column":0},"end":{"line":7,"column":57}},"7":{"start":{"line":8,"column":0},"end":{"line":8,"column":23}},"8":{"start":{"line":9,"column":0},"end":{"line":9,"column":5}},"9":{"start":{"line":10,"column":0},"end":{"line":10,"column":3}},"10":{"start":{"line":11,"column":0},"end":{"line":11,"column":17}},"11":{"start":{"line":12,"column":0},"end":{"line":12,"column":2}}},"s":{"0":1,"1":72,"2":60,"3":20,"4":60,"5":8,"6":60,"7":32,"8":32,"9":60,"10":12,"11":12},"branchMap":{"0":{"type":"branch","line":1,"loc":{"start":{"line":1,"column":15},"end":{"line":12,"column":2}},"locations":[{"start":{"line":1,"column":15},"end":{"line":12,"column":2}}]},"1":{"type":"branch","line":2,"loc":{"start":{"line":2,"column":25},"end":{"line":10,"column":3}},"locations":[{"start":{"line":2,"column":25},"end":{"line":10,"column":3}}]},"2":{"type":"branch","line":3,"loc":{"start":{"line":3,"column":30},"end":{"line":5,"column":6}},"locations":[{"start":{"line":3,"column":30},"end":{"line":5,"column":6}}]},"3":{"type":"branch","line":5,"loc":{"start":{"line":5,"column":5},"end":{"line":5,"column":10}},"locations":[{"start":{"line":5,"column":5},"end":{"line":5,"column":10}}]},"4":{"type":"branch","line":5,"loc":{"start":{"line":5,"column":32},"end":{"line":7,"column":6}},"locations":[{"start":{"line":5,"column":32},"end":{"line":7,"column":6}}]},"5":{"type":"branch","line":7,"loc":{"start":{"line":7,"column":5},"end":{"line":7,"column":56}},"locations":[{"start":{"line":7,"column":5},"end":{"line":7,"column":56}}]},"6":{"type":"branch","line":7,"loc":{"start":{"line":7,"column":56},"end":{"line":9,"column":5}},"locations":[{"start":{"line":7,"column":56},"end":{"line":9,"column":5}}]},"7":{"type":"branch","line":11,"loc":{"start":{"line":11,"column":-2},"end":{"line":12,"column":2}},"locations":[{"start":{"line":11,"column":-2},"end":{"line":12,"column":2}}]}},"b":{"0":[72],"1":[60],"2":[20],"3":[40],"4":[8],"5":[32],"6":[32],"7":[12]},"fnMap":{"0":{"name":"default","decl":{"start":{"line":1,"column":15},"end":{"line":12,"column":2}},"loc":{"start":{"line":1,"column":15},"end":{"line":12,"column":2}},"line":1}},"f":{"0":72}}
,"/mnt/a/hexlet/frontend-project-lvl2/src/compareValues.js": {"path":"/mnt/a/hexlet/frontend-project-lvl2/src/compareValues.js","all":false,"statementMap":{"0":{"start":{"line":1,"column":0},"end":{"line":1,"column":23}},"1":{"start":{"line":2,"column":0},"end":{"line":2,"column":35}},"2":{"start":{"line":3,"column":0},"end":{"line":3,"column":0}},"3":{"start":{"line":4,"column":0},"end":{"line":4,"column":39}},"4":{"start":{"line":5,"column":0},"end":{"line":5,"column":34}},"5":{"start":{"line":6,"column":0},"end":{"line":6,"column":34}},"6":{"start":{"line":7,"column":0},"end":{"line":7,"column":63}},"7":{"start":{"line":8,"column":0},"end":{"line":8,"column":0}},"8":{"start":{"line":9,"column":0},"end":{"line":9,"column":37}},"9":{"start":{"line":10,"column":0},"end":{"line":10,"column":29}},"10":{"start":{"line":11,"column":0},"end":{"line":11,"column":29}},"11":{"start":{"line":12,"column":0},"end":{"line":12,"column":51}},"12":{"start":{"line":13,"column":0},"end":{"line":13,"column":0}},"13":{"start":{"line":14,"column":0},"end":{"line":14,"column":51}},"14":{"start":{"line":15,"column":0},"end":{"line":15,"column":77}},"15":{"start":{"line":16,"column":0},"end":{"line":16,"column":44}},"16":{"start":{"line":17,"column":0},"end":{"line":17,"column":56}},"17":{"start":{"line":18,"column":0},"end":{"line":18,"column":45}},"18":{"start":{"line":19,"column":0},"end":{"line":19,"column":57}},"19":{"start":{"line":20,"column":0},"end":{"line":20,"column":39}},"20":{"start":{"line":21,"column":0},"end":{"line":21,"column":53}},"21":{"start":{"line":22,"column":0},"end":{"line":22,"column":5}},"22":{"start":{"line":23,"column":0},"end":{"line":23,"column":12}},"23":{"start":{"line":24,"column":0},"end":{"line":24,"column":45}},"24":{"start":{"line":25,"column":0},"end":{"line":25,"column":6}},"25":{"start":{"line":26,"column":0},"end":{"line":26,"column":5}},"26":{"start":{"line":27,"column":0},"end":{"line":27,"column":2}},"27":{"start":{"line":28,"column":0},"end":{"line":28,"column":0}},"28":{"start":{"line":29,"column":0},"end":{"line":29,"column":29}}},"s":{"0":1,"1":1,"2":1,"3":1,"4":20,"5":20,"6":20,"7":20,"8":20,"9":72,"10":72,"11":72,"12":72,"13":72,"14":16,"15":72,"16":8,"17":72,"18":20,"19":72,"20":12,"21":12,"22":16,"23":16,"24":16,"25":16,"26":20,"27":1,"28":1},"branchMap":{"0":{"type":"branch","line":4,"loc":{"start":{"line":4,"column":22},"end":{"line":27,"column":2}},"locations":[{"start":{"line":4,"column":22},"end":{"line":27,"column":2}}]},"1":{"type":"branch","line":9,"loc":{"start":{"line":9,"column":28},"end":{"line":26,"column":5}},"locations":[{"start":{"line":9,"column":28},"end":{"line":26,"column":5}}]},"2":{"type":"branch","line":14,"loc":{"start":{"line":14,"column":8},"end":{"line":14,"column":31}},"locations":[{"start":{"line":14,"column":8},"end":{"line":14,"column":31}}]},"3":{"type":"branch","line":14,"loc":{"start":{"line":14,"column":50},"end":{"line":16,"column":6}},"locations":[{"start":{"line":14,"column":50},"end":{"line":16,"column":6}}]},"4":{"type":"branch","line":16,"loc":{"start":{"line":16,"column":5},"end":{"line":16,"column":10}},"locations":[{"start":{"line":16,"column":5},"end":{"line":16,"column":10}}]},"5":{"type":"branch","line":16,"loc":{"start":{"line":16,"column":43},"end":{"line":18,"column":6}},"locations":[{"start":{"line":16,"column":43},"end":{"line":18,"column":6}}]},"6":{"type":"branch","line":18,"loc":{"start":{"line":18,"column":5},"end":{"line":18,"column":10}},"locations":[{"start":{"line":18,"column":5},"end":{"line":18,"column":10}}]},"7":{"type":"branch","line":18,"loc":{"start":{"line":18,"column":44},"end":{"line":20,"column":6}},"locations":[{"start":{"line":18,"column":44},"end":{"line":20,"column":6}}]},"8":{"type":"branch","line":20,"loc":{"start":{"line":20,"column":5},"end":{"line":20,"column":10}},"locations":[{"start":{"line":20,"column":5},"end":{"line":20,"column":10}}]},"9":{"type":"branch","line":20,"loc":{"start":{"line":20,"column":38},"end":{"line":22,"column":5}},"locations":[{"start":{"line":20,"column":38},"end":{"line":22,"column":5}}]},"10":{"type":"branch","line":23,"loc":{"start":{"line":23,"column":-2},"end":{"line":26,"column":5}},"locations":[{"start":{"line":23,"column":-2},"end":{"line":26,"column":5}}]}},"b":{"0":[20],"1":[72],"2":[24],"3":[16],"4":[56],"5":[8],"6":[48],"7":[20],"8":[28],"9":[12],"10":[16]},"fnMap":{"0":{"name":"compareValues","decl":{"start":{"line":4,"column":22},"end":{"line":27,"column":2}},"loc":{"start":{"line":4,"column":22},"end":{"line":27,"column":2}},"line":4}},"f":{"0":20}}
,"/mnt/a/hexlet/frontend-project-lvl2/src/index.js": {"path":"/mnt/a/hexlet/frontend-project-lvl2/src/index.js","all":false,"statementMap":{"0":{"start":{"line":1,"column":0},"end":{"line":1,"column":30}},"1":{"start":{"line":2,"column":0},"end":{"line":2,"column":24}},"2":{"start":{"line":3,"column":0},"end":{"line":3,"column":34}},"3":{"start":{"line":4,"column":0},"end":{"line":4,"column":47}},"4":{"start":{"line":5,"column":0},"end":{"line":5,"column":34}},"5":{"start":{"line":6,"column":0},"end":{"line":6,"column":46}},"6":{"start":{"line":7,"column":0},"end":{"line":7,"column":0}},"7":{"start":{"line":8,"column":0},"end":{"line":8,"column":55}},"8":{"start":{"line":9,"column":0},"end":{"line":9,"column":98}},"9":{"start":{"line":10,"column":0},"end":{"line":10,"column":0}},"10":{"start":{"line":11,"column":0},"end":{"line":11,"column":54}},"11":{"start":{"line":12,"column":0},"end":{"line":12,"column":54}},"12":{"start":{"line":13,"column":0},"end":{"line":13,"column":0}},"13":{"start":{"line":14,"column":0},"end":{"line":14,"column":53}},"14":{"start":{"line":15,"column":0},"end":{"line":15,"column":35}},"15":{"start":{"line":16,"column":0},"end":{"line":16,"column":2}},"16":{"start":{"line":17,"column":0},"end":{"line":17,"column":0}},"17":{"start":{"line":18,"column":0},"end":{"line":18,"column":23}}},"s":{"0":1,"1":1,"2":1,"3":1,"4":1,"5":1,"6":1,"7":1,"8":4,"9":4,"10":4,"11":4,"12":4,"13":4,"14":4,"15":4,"16":1,"17":1},"branchMap":{"0":{"type":"branch","line":8,"loc":{"start":{"line":8,"column":16},"end":{"line":16,"column":2}},"locations":[{"start":{"line":8,"column":16},"end":{"line":16,"column":2}}]},"1":{"type":"branch","line":9,"loc":{"start":{"line":9,"column":23},"end":{"line":9,"column":45}},"locations":[{"start":{"line":9,"column":23},"end":{"line":9,"column":45}}]}},"b":{"0":[4],"1":[8]},"fnMap":{"0":{"name":"genDiff","decl":{"start":{"line":8,"column":16},"end":{"line":16,"column":2}},"loc":{"start":{"line":8,"column":16},"end":{"line":16,"column":2}},"line":8},"1":{"name":"fileContent","decl":{"start":{"line":9,"column":23},"end":{"line":9,"column":45}},"loc":{"start":{"line":9,"column":23},"end":{"line":9,"column":45}},"line":9}},"f":{"0":4,"1":8}}
,"/mnt/a/hexlet/frontend-project-lvl2/src/parsers.js": {"path":"/mnt/a/hexlet/frontend-project-lvl2/src/parsers.js","all":false,"statementMap":{"0":{"start":{"line":1,"column":0},"end":{"line":1,"column":27}},"1":{"start":{"line":2,"column":0},"end":{"line":2,"column":24}},"2":{"start":{"line":3,"column":0},"end":{"line":3,"column":0}},"3":{"start":{"line":4,"column":0},"end":{"line":4,"column":43}},"4":{"start":{"line":5,"column":0},"end":{"line":5,"column":49}},"5":{"start":{"line":6,"column":0},"end":{"line":6,"column":0}},"6":{"start":{"line":7,"column":0},"end":{"line":7,"column":13}},"7":{"start":{"line":8,"column":0},"end":{"line":8,"column":40}},"8":{"start":{"line":9,"column":0},"end":{"line":9,"column":37}},"9":{"start":{"line":10,"column":0},"end":{"line":10,"column":41}},"10":{"start":{"line":11,"column":0},"end":{"line":11,"column":36}},"11":{"start":{"line":12,"column":0},"end":{"line":12,"column":3}},"12":{"start":{"line":13,"column":0},"end":{"line":13,"column":16}},"13":{"start":{"line":14,"column":0},"end":{"line":14,"column":2}},"14":{"start":{"line":15,"column":0},"end":{"line":15,"column":0}},"15":{"start":{"line":16,"column":0},"end":{"line":16,"column":22}}},"s":{"0":1,"1":1,"2":1,"3":1,"4":8,"5":8,"6":8,"7":8,"8":4,"9":8,"10":4,"11":4,"12":8,"13":8,"14":1,"15":1},"branchMap":{"0":{"type":"branch","line":4,"loc":{"start":{"line":4,"column":15},"end":{"line":14,"column":2}},"locations":[{"start":{"line":4,"column":15},"end":{"line":14,"column":2}}]},"1":{"type":"branch","line":8,"loc":{"start":{"line":8,"column":39},"end":{"line":10,"column":4}},"locations":[{"start":{"line":8,"column":39},"end":{"line":10,"column":4}}]},"2":{"type":"branch","line":10,"loc":{"start":{"line":10,"column":40},"end":{"line":12,"column":3}},"locations":[{"start":{"line":10,"column":40},"end":{"line":12,"column":3}}]},"3":{"type":"branch","line":5,"loc":{"start":{"line":5,"column":21},"end":{"line":5,"column":34}},"locations":[{"start":{"line":5,"column":21},"end":{"line":5,"column":34}}]}},"b":{"0":[8],"1":[4],"2":[4],"3":[16]},"fnMap":{"0":{"name":"parser","decl":{"start":{"line":4,"column":15},"end":{"line":14,"column":2}},"loc":{"start":{"line":4,"column":15},"end":{"line":14,"column":2}},"line":4},"1":{"name":"getFormat","decl":{"start":{"line":5,"column":21},"end":{"line":5,"column":34}},"loc":{"start":{"line":5,"column":21},"end":{"line":5,"column":34}},"line":5}},"f":{"0":8,"1":16}}
,"/mnt/a/hexlet/frontend-project-lvl2/src/formatters/index.js": {"path":"/mnt/a/hexlet/frontend-project-lvl2/src/formatters/index.js","all":false,"statementMap":{"0":{"start":{"line":1,"column":0},"end":{"line":1,"column":36}},"1":{"start":{"line":2,"column":0},"end":{"line":2,"column":31}},"2":{"start":{"line":3,"column":0},"end":{"line":3,"column":33}},"3":{"start":{"line":4,"column":0},"end":{"line":4,"column":0}},"4":{"start":{"line":5,"column":0},"end":{"line":5,"column":37}},"5":{"start":{"line":6,"column":0},"end":{"line":6,"column":13}},"6":{"start":{"line":7,"column":0},"end":{"line":7,"column":29}},"7":{"start":{"line":8,"column":0},"end":{"line":8,"column":28}},"8":{"start":{"line":9,"column":0},"end":{"line":9,"column":29}},"9":{"start":{"line":10,"column":0},"end":{"line":10,"column":25}},"10":{"start":{"line":11,"column":0},"end":{"line":11,"column":28}},"11":{"start":{"line":12,"column":0},"end":{"line":12,"column":28}},"12":{"start":{"line":13,"column":0},"end":{"line":13,"column":18}},"13":{"start":{"line":14,"column":0},"end":{"line":14,"column":2}},"14":{"start":{"line":15,"column":0},"end":{"line":15,"column":0}},"15":{"start":{"line":16,"column":0},"end":{"line":16,"column":25}}},"s":{"0":1,"1":1,"2":1,"3":1,"4":1,"5":4,"6":4,"7":2,"8":4,"9":1,"10":4,"11":1,"12":4,"13":4,"14":1,"15":1},"branchMap":{"0":{"type":"branch","line":5,"loc":{"start":{"line":5,"column":18},"end":{"line":14,"column":2}},"locations":[{"start":{"line":5,"column":18},"end":{"line":14,"column":2}}]},"1":{"type":"branch","line":7,"loc":{"start":{"line":7,"column":28},"end":{"line":9,"column":4}},"locations":[{"start":{"line":7,"column":28},"end":{"line":9,"column":4}}]},"2":{"type":"branch","line":9,"loc":{"start":{"line":9,"column":28},"end":{"line":11,"column":4}},"locations":[{"start":{"line":9,"column":28},"end":{"line":11,"column":4}}]},"3":{"type":"branch","line":11,"loc":{"start":{"line":11,"column":27},"end":{"line":13,"column":4}},"locations":[{"start":{"line":11,"column":27},"end":{"line":13,"column":4}}]}},"b":{"0":[4],"1":[2],"2":[1],"3":[1]},"fnMap":{"0":{"name":"formatter","decl":{"start":{"line":5,"column":18},"end":{"line":14,"column":2}},"loc":{"start":{"line":5,"column":18},"end":{"line":14,"column":2}},"line":5}},"f":{"0":4}}
,"/mnt/a/hexlet/frontend-project-lvl2/src/formatters/json.js": {"path":"/mnt/a/hexlet/frontend-project-lvl2/src/formatters/json.js","all":false,"statementMap":{"0":{"start":{"line":1,"column":0},"end":{"line":1,"column":46}}},"s":{"0":1},"branchMap":{"0":{"type":"branch","line":1,"loc":{"start":{"line":1,"column":16},"end":{"line":1,"column":29}},"locations":[{"start":{"line":1,"column":16},"end":{"line":1,"column":29}}]}},"b":{"0":[1]},"fnMap":{"0":{"name":"default","decl":{"start":{"line":1,"column":16},"end":{"line":1,"column":29}},"loc":{"start":{"line":1,"column":16},"end":{"line":1,"column":29}},"line":1}},"f":{"0":1}}
,"/mnt/a/hexlet/frontend-project-lvl2/src/formatters/plain.js": {"path":"/mnt/a/hexlet/frontend-project-lvl2/src/formatters/plain.js","all":false,"statementMap":{"0":{"start":{"line":1,"column":0},"end":{"line":1,"column":23}},"1":{"start":{"line":2,"column":0},"end":{"line":2,"column":0}},"2":{"start":{"line":3,"column":0},"end":{"line":3,"column":32}},"3":{"start":{"line":4,"column":0},"end":{"line":4,"column":36}},"4":{"start":{"line":5,"column":0},"end":{"line":5,"column":24}},"5":{"start":{"line":6,"column":0},"end":{"line":6,"column":28}},"6":{"start":{"line":7,"column":0},"end":{"line":7,"column":29}},"7":{"start":{"line":8,"column":0},"end":{"line":8,"column":17}},"8":{"start":{"line":9,"column":0},"end":{"line":9,"column":2}},"9":{"start":{"line":10,"column":0},"end":{"line":10,"column":0}},"10":{"start":{"line":11,"column":0},"end":{"line":11,"column":41}},"11":{"start":{"line":12,"column":0},"end":{"line":12,"column":25}},"12":{"start":{"line":13,"column":0},"end":{"line":13,"column":20}},"13":{"start":{"line":14,"column":0},"end":{"line":14,"column":49}},"14":{"start":{"line":15,"column":0},"end":{"line":15,"column":21}},"15":{"start":{"line":16,"column":0},"end":{"line":16,"column":87}},"16":{"start":{"line":17,"column":0},"end":{"line":17,"column":19}},"17":{"start":{"line":18,"column":0},"end":{"line":18,"column":116}},"18":{"start":{"line":19,"column":0},"end":{"line":19,"column":28}},"19":{"start":{"line":20,"column":0},"end":{"line":20,"column":3}},"20":{"start":{"line":21,"column":0},"end":{"line":21,"column":2}},"21":{"start":{"line":22,"column":0},"end":{"line":22,"column":0}},"22":{"start":{"line":23,"column":0},"end":{"line":23,"column":25}},"23":{"start":{"line":24,"column":0},"end":{"line":24,"column":20}},"24":{"start":{"line":25,"column":0},"end":{"line":25,"column":0}},"25":{"start":{"line":26,"column":0},"end":{"line":26,"column":50}},"26":{"start":{"line":27,"column":0},"end":{"line":27,"column":23}},"27":{"start":{"line":28,"column":0},"end":{"line":28,"column":14}},"28":{"start":{"line":29,"column":0},"end":{"line":29,"column":24}},"29":{"start":{"line":30,"column":0},"end":{"line":30,"column":37}},"30":{"start":{"line":31,"column":0},"end":{"line":31,"column":29}},"31":{"start":{"line":32,"column":0},"end":{"line":32,"column":40}},"32":{"start":{"line":33,"column":0},"end":{"line":33,"column":39}},"33":{"start":{"line":34,"column":0},"end":{"line":34,"column":5}},"34":{"start":{"line":35,"column":0},"end":{"line":35,"column":82}},"35":{"start":{"line":36,"column":0},"end":{"line":36,"column":35}},"36":{"start":{"line":37,"column":0},"end":{"line":37,"column":43}},"37":{"start":{"line":38,"column":0},"end":{"line":38,"column":29}},"38":{"start":{"line":39,"column":0},"end":{"line":39,"column":26}},"39":{"start":{"line":40,"column":0},"end":{"line":40,"column":20}},"40":{"start":{"line":41,"column":0},"end":{"line":41,"column":5}},"41":{"start":{"line":42,"column":0},"end":{"line":42,"column":0}},"42":{"start":{"line":43,"column":0},"end":{"line":43,"column":13}},"43":{"start":{"line":44,"column":0},"end":{"line":44,"column":27}},"44":{"start":{"line":45,"column":0},"end":{"line":45,"column":2}},"45":{"start":{"line":46,"column":0},"end":{"line":46,"column":0}},"46":{"start":{"line":47,"column":0},"end":{"line":47,"column":21}}},"s":{"0":1,"1":1,"2":1,"3":13,"4":7,"5":13,"6":3,"7":3,"8":3,"9":1,"10":1,"11":14,"12":14,"13":14,"14":14,"15":14,"16":14,"17":14,"18":14,"19":14,"20":14,"21":1,"22":1,"23":1,"24":1,"25":1,"26":18,"27":18,"28":14,"29":18,"30":4,"31":4,"32":4,"33":4,"34":14,"35":14,"36":14,"37":18,"38":11,"39":18,"40":14,"41":1,"42":1,"43":1,"44":1,"45":1,"46":1},"branchMap":{"0":{"type":"branch","line":3,"loc":{"start":{"line":3,"column":21},"end":{"line":9,"column":2}},"locations":[{"start":{"line":3,"column":21},"end":{"line":9,"column":2}}]},"1":{"type":"branch","line":4,"loc":{"start":{"line":4,"column":35},"end":{"line":6,"column":4}},"locations":[{"start":{"line":4,"column":35},"end":{"line":6,"column":4}}]},"2":{"type":"branch","line":6,"loc":{"start":{"line":6,"column":3},"end":{"line":6,"column":8}},"locations":[{"start":{"line":6,"column":3},"end":{"line":6,"column":8}}]},"3":{"type":"branch","line":6,"loc":{"start":{"line":6,"column":27},"end":{"line":9,"column":2}},"locations":[{"start":{"line":6,"column":27},"end":{"line":9,"column":2}}]},"4":{"type":"branch","line":11,"loc":{"start":{"line":11,"column":20},"end":{"line":21,"column":2}},"locations":[{"start":{"line":11,"column":20},"end":{"line":21,"column":2}}]},"5":{"type":"branch","line":13,"loc":{"start":{"line":13,"column":4},"end":{"line":14,"column":14}},"locations":[{"start":{"line":13,"column":4},"end":{"line":14,"column":14}}]},"6":{"type":"branch","line":15,"loc":{"start":{"line":15,"column":4},"end":{"line":16,"column":14}},"locations":[{"start":{"line":15,"column":4},"end":{"line":16,"column":14}}]},"7":{"type":"branch","line":17,"loc":{"start":{"line":17,"column":4},"end":{"line":18,"column":14}},"locations":[{"start":{"line":17,"column":4},"end":{"line":18,"column":14}}]},"8":{"type":"branch","line":19,"loc":{"start":{"line":19,"column":4},"end":{"line":19,"column":20}},"locations":[{"start":{"line":19,"column":4},"end":{"line":19,"column":20}}]},"9":{"type":"branch","line":23,"loc":{"start":{"line":23,"column":15},"end":{"line":45,"column":2}},"locations":[{"start":{"line":23,"column":15},"end":{"line":45,"column":2}}]},"10":{"type":"branch","line":26,"loc":{"start":{"line":26,"column":15},"end":{"line":26,"column":34}},"locations":[{"start":{"line":26,"column":15},"end":{"line":26,"column":34}}]},"11":{"type":"branch","line":26,"loc":{"start":{"line":26,"column":40},"end":{"line":41,"column":5}},"locations":[{"start":{"line":26,"column":40},"end":{"line":41,"column":5}}]},"12":{"type":"branch","line":28,"loc":{"start":{"line":28,"column":13},"end":{"line":30,"column":6}},"locations":[{"start":{"line":28,"column":13},"end":{"line":30,"column":6}}]},"13":{"type":"branch","line":30,"loc":{"start":{"line":30,"column":36},"end":{"line":34,"column":5}},"locations":[{"start":{"line":30,"column":36},"end":{"line":34,"column":5}}]},"14":{"type":"branch","line":35,"loc":{"start":{"line":35,"column":-2},"end":{"line":38,"column":8}},"locations":[{"start":{"line":35,"column":-2},"end":{"line":38,"column":8}}]},"15":{"type":"branch","line":38,"loc":{"start":{"line":38,"column":28},"end":{"line":40,"column":6}},"locations":[{"start":{"line":38,"column":28},"end":{"line":40,"column":6}}]},"16":{"type":"branch","line":40,"loc":{"start":{"line":40,"column":5},"end":{"line":41,"column":5}},"locations":[{"start":{"line":40,"column":5},"end":{"line":41,"column":5}}]},"17":{"type":"branch","line":35,"loc":{"start":{"line":35,"column":22},"end":{"line":35,"column":82}},"locations":[{"start":{"line":35,"column":22},"end":{"line":35,"column":82}}]},"18":{"type":"branch","line":35,"loc":{"start":{"line":35,"column":31},"end":{"line":35,"column":68}},"locations":[{"start":{"line":35,"column":31},"end":{"line":35,"column":68}}]},"19":{"type":"branch","line":35,"loc":{"start":{"line":35,"column":31},"end":{"line":35,"column":82}},"locations":[{"start":{"line":35,"column":31},"end":{"line":35,"column":82}}]}},"b":{"0":[13],"1":[7],"2":[6],"3":[3],"4":[14],"5":[2],"6":[5],"7":[4],"8":[3],"9":[1],"10":[5],"11":[18],"12":[14],"13":[4],"14":[14],"15":[11],"16":[14],"17":[14],"18":[12],"19":[2]},"fnMap":{"0":{"name":"valueEditor","decl":{"start":{"line":3,"column":21},"end":{"line":9,"column":2}},"loc":{"start":{"line":3,"column":21},"end":{"line":9,"column":2}},"line":3},"1":{"name":"constructor","decl":{"start":{"line":11,"column":20},"end":{"line":21,"column":2}},"loc":{"start":{"line":11,"column":20},"end":{"line":21,"column":2}},"line":11},"2":{"name":"plain","decl":{"start":{"line":23,"column":15},"end":{"line":45,"column":2}},"loc":{"start":{"line":23,"column":15},"end":{"line":45,"column":2}},"line":23},"3":{"name":"iter","decl":{"start":{"line":26,"column":15},"end":{"line":26,"column":34}},"loc":{"start":{"line":26,"column":15},"end":{"line":26,"column":34}},"line":26},"4":{"name":"Makename","decl":{"start":{"line":35,"column":22},"end":{"line":35,"column":82}},"loc":{"start":{"line":35,"column":22},"end":{"line":35,"column":82}},"line":35}},"f":{"0":13,"1":14,"2":1,"3":5,"4":14}}
,"/mnt/a/hexlet/frontend-project-lvl2/src/formatters/stylish.js": {"path":"/mnt/a/hexlet/frontend-project-lvl2/src/formatters/stylish.js","all":false,"statementMap":{"0":{"start":{"line":1,"column":0},"end":{"line":1,"column":23}},"1":{"start":{"line":2,"column":0},"end":{"line":2,"column":0}},"2":{"start":{"line":3,"column":0},"end":{"line":3,"column":43}},"3":{"start":{"line":4,"column":0},"end":{"line":4,"column":26}},"4":{"start":{"line":5,"column":0},"end":{"line":5,"column":21}},"5":{"start":{"line":6,"column":0},"end":{"line":6,"column":3}},"6":{"start":{"line":7,"column":0},"end":{"line":7,"column":44}},"7":{"start":{"line":8,"column":0},"end":{"line":8,"column":44}},"8":{"start":{"line":9,"column":0},"end":{"line":9,"column":36}},"9":{"start":{"line":10,"column":0},"end":{"line":10,"column":88}},"10":{"start":{"line":11,"column":0},"end":{"line":11,"column":0}},"11":{"start":{"line":12,"column":0},"end":{"line":12,"column":57}},"12":{"start":{"line":13,"column":0},"end":{"line":13,"column":2}},"13":{"start":{"line":14,"column":0},"end":{"line":14,"column":0}},"14":{"start":{"line":15,"column":0},"end":{"line":15,"column":16}},"15":{"start":{"line":16,"column":0},"end":{"line":16,"column":12}},"16":{"start":{"line":17,"column":0},"end":{"line":17,"column":13}},"17":{"start":{"line":18,"column":0},"end":{"line":18,"column":17}},"18":{"start":{"line":19,"column":0},"end":{"line":19,"column":2}},"19":{"start":{"line":20,"column":0},"end":{"line":20,"column":0}},"20":{"start":{"line":21,"column":0},"end":{"line":21,"column":30}},"21":{"start":{"line":22,"column":0},"end":{"line":22,"column":23}},"22":{"start":{"line":23,"column":0},"end":{"line":23,"column":52}},"23":{"start":{"line":24,"column":0},"end":{"line":24,"column":45}},"24":{"start":{"line":25,"column":0},"end":{"line":25,"column":44}},"25":{"start":{"line":26,"column":0},"end":{"line":26,"column":0}},"26":{"start":{"line":27,"column":0},"end":{"line":27,"column":110}},"27":{"start":{"line":28,"column":0},"end":{"line":28,"column":0}},"28":{"start":{"line":29,"column":0},"end":{"line":29,"column":26}},"29":{"start":{"line":30,"column":0},"end":{"line":30,"column":22}},"30":{"start":{"line":31,"column":0},"end":{"line":31,"column":53}},"31":{"start":{"line":32,"column":0},"end":{"line":32,"column":23}},"32":{"start":{"line":33,"column":0},"end":{"line":33,"column":52}},"33":{"start":{"line":34,"column":0},"end":{"line":34,"column":19}},"34":{"start":{"line":35,"column":0},"end":{"line":35,"column":57}},"35":{"start":{"line":36,"column":0},"end":{"line":36,"column":21}},"36":{"start":{"line":37,"column":0},"end":{"line":37,"column":106}},"37":{"start":{"line":38,"column":0},"end":{"line":38,"column":14}},"38":{"start":{"line":39,"column":0},"end":{"line":39,"column":117}},"39":{"start":{"line":40,"column":0},"end":{"line":40,"column":5}},"40":{"start":{"line":41,"column":0},"end":{"line":41,"column":5}},"41":{"start":{"line":42,"column":0},"end":{"line":42,"column":33}},"42":{"start":{"line":43,"column":0},"end":{"line":43,"column":42}},"43":{"start":{"line":44,"column":0},"end":{"line":44,"column":2}},"44":{"start":{"line":45,"column":0},"end":{"line":45,"column":0}},"45":{"start":{"line":46,"column":0},"end":{"line":46,"column":24}}},"s":{"0":1,"1":1,"2":1,"3":54,"4":40,"5":40,"6":14,"7":14,"8":14,"9":14,"10":14,"11":14,"12":14,"13":1,"14":1,"15":1,"16":1,"17":1,"18":1,"19":1,"20":1,"21":2,"22":2,"23":36,"24":36,"25":36,"26":36,"27":36,"28":36,"29":36,"30":36,"31":36,"32":36,"33":36,"34":36,"35":36,"36":36,"37":36,"38":36,"39":36,"40":36,"41":2,"42":2,"43":2,"44":1,"45":1},"branchMap":{"0":{"type":"branch","line":3,"loc":{"start":{"line":3,"column":18},"end":{"line":13,"column":2}},"locations":[{"start":{"line":3,"column":18},"end":{"line":13,"column":2}}]},"1":{"type":"branch","line":4,"loc":{"start":{"line":4,"column":25},"end":{"line":6,"column":3}},"locations":[{"start":{"line":4,"column":25},"end":{"line":6,"column":3}}]},"2":{"type":"branch","line":7,"loc":{"start":{"line":7,"column":-2},"end":{"line":13,"column":2}},"locations":[{"start":{"line":7,"column":-2},"end":{"line":13,"column":2}}]},"3":{"type":"branch","line":10,"loc":{"start":{"line":10,"column":9},"end":{"line":10,"column":88}},"locations":[{"start":{"line":10,"column":9},"end":{"line":10,"column":88}}]},"4":{"type":"branch","line":21,"loc":{"start":{"line":21,"column":18},"end":{"line":44,"column":2}},"locations":[{"start":{"line":21,"column":18},"end":{"line":44,"column":2}}]},"5":{"type":"branch","line":23,"loc":{"start":{"line":23,"column":15},"end":{"line":23,"column":36}},"locations":[{"start":{"line":23,"column":15},"end":{"line":23,"column":36}}]},"6":{"type":"branch","line":23,"loc":{"start":{"line":23,"column":42},"end":{"line":41,"column":5}},"locations":[{"start":{"line":23,"column":42},"end":{"line":41,"column":5}}]},"7":{"type":"branch","line":30,"loc":{"start":{"line":30,"column":6},"end":{"line":31,"column":15}},"locations":[{"start":{"line":30,"column":6},"end":{"line":31,"column":15}}]},"8":{"type":"branch","line":32,"loc":{"start":{"line":32,"column":6},"end":{"line":33,"column":15}},"locations":[{"start":{"line":32,"column":6},"end":{"line":33,"column":15}}]},"9":{"type":"branch","line":34,"loc":{"start":{"line":34,"column":6},"end":{"line":35,"column":15}},"locations":[{"start":{"line":34,"column":6},"end":{"line":35,"column":15}}]},"10":{"type":"branch","line":36,"loc":{"start":{"line":36,"column":6},"end":{"line":37,"column":15}},"locations":[{"start":{"line":36,"column":6},"end":{"line":37,"column":15}}]},"11":{"type":"branch","line":38,"loc":{"start":{"line":38,"column":6},"end":{"line":39,"column":16}},"locations":[{"start":{"line":38,"column":6},"end":{"line":39,"column":16}}]},"12":{"type":"branch","line":27,"loc":{"start":{"line":27,"column":24},"end":{"line":27,"column":110}},"locations":[{"start":{"line":27,"column":24},"end":{"line":27,"column":110}}]}},"b":{"0":[54],"1":[40],"2":[14],"3":[18],"4":[2],"5":[10],"6":[36],"7":[4],"8":[10],"9":[6],"10":[8],"11":[8],"12":[36]},"fnMap":{"0":{"name":"stringify","decl":{"start":{"line":3,"column":18},"end":{"line":13,"column":2}},"loc":{"start":{"line":3,"column":18},"end":{"line":13,"column":2}},"line":3},"1":{"name":"makeTree","decl":{"start":{"line":21,"column":18},"end":{"line":44,"column":2}},"loc":{"start":{"line":21,"column":18},"end":{"line":44,"column":2}},"line":21},"2":{"name":"iter","decl":{"start":{"line":23,"column":15},"end":{"line":23,"column":36}},"loc":{"start":{"line":23,"column":15},"end":{"line":23,"column":36}},"line":23},"3":{"name":"buildObject","decl":{"start":{"line":27,"column":24},"end":{"line":27,"column":110}},"loc":{"start":{"line":27,"column":24},"end":{"line":27,"column":110}},"line":27}},"f":{"0":54,"1":2,"2":10,"3":36}}
}
