TN:
SF:src/compare.js
FN:1,default
FNF:1
FNH:1
FNDA:44,default
DA:1,1
DA:2,44
DA:3,30
DA:4,10
DA:5,30
DA:6,4
DA:7,30
DA:8,16
DA:9,16
DA:10,30
DA:11,14
DA:12,14
LF:12
LH:12
BRDA:1,0,0,44
BRDA:2,1,0,30
BRDA:3,2,0,10
BRDA:5,3,0,20
BRDA:5,4,0,4
BRDA:7,5,0,16
BRDA:7,6,0,16
BRDA:11,7,0,14
BRF:8
BRH:8
end_of_record
TN:
SF:src/formatter.js
FN:3,stringify
FN:21,makeTree
FN:23,iter
FN:27,buildObject
FNF:4
FNH:4
FNDA:66,stringify
FNDA:8,makeTree
FNDA:20,iter
FNDA:36,buildObject
DA:1,1
DA:2,1
DA:3,1
DA:4,66
DA:5,52
DA:6,52
DA:7,14
DA:8,14
DA:9,14
DA:10,14
DA:11,14
DA:12,14
DA:13,14
DA:14,1
DA:15,1
DA:16,1
DA:17,1
DA:18,1
DA:19,1
DA:20,1
DA:21,1
DA:22,8
DA:23,8
DA:24,44
DA:25,44
DA:26,44
DA:27,44
DA:28,44
DA:29,44
DA:30,44
DA:31,44
DA:32,44
DA:33,44
DA:34,44
DA:35,44
DA:36,44
DA:37,44
DA:38,44
DA:39,44
DA:40,44
DA:41,44
DA:42,8
DA:43,8
DA:44,8
DA:45,1
DA:46,1
LF:46
LH:46
BRDA:3,0,0,66
BRDA:4,1,0,52
BRDA:7,2,0,14
BRDA:10,3,0,30
BRDA:21,4,0,8
BRDA:23,5,0,20
BRDA:23,6,0,44
BRDA:30,7,0,4
BRDA:32,8,0,10
BRDA:34,9,0,14
BRDA:36,10,0,4
BRDA:38,11,0,12
BRDA:27,12,0,36
BRF:13
BRH:13
end_of_record
TN:
SF:src/index.js
FN:8,genDiff
FN:9,fileContent
FNF:2
FNH:2
FNDA:8,genDiff
FNDA:16,fileContent
DA:1,1
DA:2,1
DA:3,1
DA:4,1
DA:5,1
DA:6,1
DA:7,1
DA:8,1
DA:9,8
DA:10,8
DA:11,8
DA:12,8
DA:13,8
DA:14,8
DA:15,8
DA:16,8
DA:17,1
DA:18,1
LF:18
LH:18
BRDA:8,0,0,8
BRDA:9,1,0,16
BRF:2
BRH:2
end_of_record
TN:
SF:src/parsers.js
FN:4,parser
FN:5,getFormat
FNF:2
FNH:2
FNDA:16,parser
FNDA:32,getFormat
DA:1,1
DA:2,1
DA:3,1
DA:4,1
DA:5,16
DA:6,16
DA:7,16
DA:8,16
DA:9,8
DA:10,16
DA:11,8
DA:12,8
DA:13,16
DA:14,16
DA:15,1
DA:16,1
LF:16
LH:16
BRDA:4,0,0,16
BRDA:8,1,0,8
BRDA:10,2,0,8
BRDA:5,3,0,32
BRF:4
BRH:4
end_of_record
TN:
SF:src/stylish.js
FN:4,stylish
FNF:1
FNH:1
FNDA:20,stylish
DA:1,1
DA:2,1
DA:3,1
DA:4,1
DA:5,20
DA:6,20
DA:7,20
DA:8,20
DA:9,20
DA:10,44
DA:11,44
DA:12,44
DA:13,44
DA:14,44
DA:15,12
DA:16,44
DA:17,4
DA:18,44
DA:19,10
DA:20,44
DA:21,14
DA:22,14
DA:23,4
DA:24,4
DA:25,4
DA:26,4
DA:27,20
DA:28,1
DA:29,1
LF:29
LH:29
BRDA:4,0,0,20
BRDA:9,1,0,44
BRDA:14,2,0,14
BRDA:14,3,0,12
BRDA:16,4,0,32
BRDA:16,5,0,4
BRDA:18,6,0,28
BRDA:18,7,0,10
BRDA:20,8,0,18
BRDA:20,9,0,14
BRDA:23,10,0,4
BRF:11
BRH:11
end_of_record
