TN:
SF:src/compare.js
FN:1,default
FNF:1
FNH:1
FNDA:56,default
DA:1,1
DA:2,56
DA:3,40
DA:4,14
DA:5,40
DA:6,5
DA:7,40
DA:8,21
DA:9,21
DA:10,40
DA:11,16
DA:12,16
LF:12
LH:12
BRDA:1,0,0,56
BRDA:2,1,0,40
BRDA:3,2,0,14
BRDA:5,3,0,26
BRDA:5,4,0,5
BRDA:7,5,0,21
BRDA:7,6,0,21
BRDA:11,7,0,16
BRF:8
BRH:8
end_of_record
TN:
SF:src/compareValues.js
FN:4,compareValues
FNF:1
FNH:1
FNDA:24,compareValues
DA:1,1
DA:2,1
DA:3,1
DA:4,1
DA:5,24
DA:6,24
DA:7,24
DA:8,24
DA:9,24
DA:10,56
DA:11,56
DA:12,56
DA:13,56
DA:14,56
DA:15,15
DA:16,56
DA:17,5
DA:18,56
DA:19,14
DA:20,56
DA:21,16
DA:22,16
DA:23,6
DA:24,6
DA:25,6
DA:26,6
DA:27,24
DA:28,1
DA:29,1
LF:29
LH:29
BRDA:4,0,0,24
BRDA:9,1,0,56
BRDA:14,2,0,17
BRDA:14,3,0,15
BRDA:16,4,0,41
BRDA:16,5,0,5
BRDA:18,6,0,36
BRDA:18,7,0,14
BRDA:20,8,0,22
BRDA:20,9,0,16
BRDA:23,10,0,6
BRF:11
BRH:11
end_of_record
TN:
SF:src/index.js
FN:8,genDiff
FN:9,fileContent
FNF:2
FNH:2
FNDA:9,genDiff
FNDA:18,fileContent
DA:1,1
DA:2,1
DA:3,1
DA:4,1
DA:5,1
DA:6,1
DA:7,1
DA:8,1
DA:9,9
DA:10,9
DA:11,9
DA:12,9
DA:13,9
DA:14,9
DA:15,9
DA:16,9
DA:17,1
DA:18,1
LF:18
LH:18
BRDA:8,0,0,9
BRDA:9,1,0,18
BRF:2
BRH:2
end_of_record
TN:
SF:src/parsers.js
FN:4,parser
FN:5,getFormat
FNF:2
FNH:2
FNDA:18,parser
FNDA:36,getFormat
DA:1,1
DA:2,1
DA:3,1
DA:4,1
DA:5,18
DA:6,18
DA:7,18
DA:8,18
DA:9,8
DA:10,18
DA:11,10
DA:12,10
DA:13,18
DA:14,18
DA:15,1
DA:16,1
LF:16
LH:16
BRDA:4,0,0,18
BRDA:8,1,0,8
BRDA:10,2,0,10
BRDA:5,3,0,36
BRF:4
BRH:4
end_of_record
TN:
SF:src/formatters/index.js
FN:4,formatter
FNF:1
FNH:1
FNDA:9,formatter
DA:1,1
DA:2,1
DA:3,1
DA:4,1
DA:5,9
DA:6,9
DA:7,8
DA:8,9
DA:9,1
DA:10,1
DA:11,9
DA:12,9
DA:13,1
DA:14,1
LF:14
LH:14
BRDA:4,0,0,9
BRDA:6,1,0,8
BRDA:8,2,0,1
BRF:3
BRH:3
end_of_record
TN:
SF:src/formatters/plain.js
FN:3,valueEditor
FN:11,constructor
FN:23,plain
FN:26,iter
FN:35,Makename
FNF:5
FNH:5
FNDA:8,valueEditor
FNDA:9,constructor
FNDA:1,plain
FNDA:4,iter
FNDA:9,Makename
DA:1,1
DA:2,1
DA:3,1
DA:4,8
DA:5,4
DA:6,8
DA:7,1
DA:8,8
DA:9,3
DA:10,1
DA:11,1
DA:12,9
DA:13,9
DA:14,9
DA:15,9
DA:16,9
DA:17,9
DA:18,9
DA:19,9
DA:20,9
DA:21,9
DA:22,1
DA:23,1
DA:24,1
DA:25,1
DA:26,1
DA:27,12
DA:28,12
DA:29,11
DA:30,12
DA:31,3
DA:32,3
DA:33,3
DA:34,3
DA:35,9
DA:36,9
DA:37,9
DA:38,12
DA:39,7
DA:40,12
DA:41,9
DA:42,1
DA:43,1
DA:44,1
DA:45,1
DA:46,1
DA:47,1
LF:47
LH:47
BRDA:3,0,0,8
BRDA:4,1,0,4
BRDA:6,2,0,1
BRDA:8,3,0,3
BRDA:11,4,0,9
BRDA:13,5,0,1
BRDA:15,6,0,4
BRDA:17,7,0,2
BRDA:19,8,0,2
BRDA:23,9,0,1
BRDA:26,10,0,4
BRDA:26,11,0,12
BRDA:28,12,0,11
BRDA:30,13,0,3
BRDA:35,14,0,9
BRDA:38,15,0,7
BRDA:40,16,0,9
BRDA:35,17,0,9
BRDA:35,18,0,0
BRF:19
BRH:18
end_of_record
TN:
SF:src/formatters/stylish.js
FN:3,stringify
FN:21,makeTree
FN:23,iter
FN:27,buildObject
FNF:4
FNH:4
FNDA:66,stringify
FNDA:8,makeTree
FNDA:20,iter
FNDA:36,buildObject
DA:1,1
DA:2,1
DA:3,1
DA:4,66
DA:5,52
DA:6,52
DA:7,14
DA:8,14
DA:9,14
DA:10,14
DA:11,14
DA:12,14
DA:13,14
DA:14,1
DA:15,1
DA:16,1
DA:17,1
DA:18,1
DA:19,1
DA:20,1
DA:21,1
DA:22,8
DA:23,8
DA:24,44
DA:25,44
DA:26,44
DA:27,44
DA:28,44
DA:29,44
DA:30,44
DA:31,44
DA:32,44
DA:33,44
DA:34,44
DA:35,44
DA:36,44
DA:37,44
DA:38,44
DA:39,44
DA:40,44
DA:41,44
DA:42,8
DA:43,8
DA:44,8
DA:45,1
DA:46,1
LF:46
LH:46
BRDA:3,0,0,66
BRDA:4,1,0,52
BRDA:7,2,0,14
BRDA:10,3,0,30
BRDA:21,4,0,8
BRDA:23,5,0,20
BRDA:23,6,0,44
BRDA:30,7,0,4
BRDA:32,8,0,10
BRDA:34,9,0,14
BRDA:36,10,0,4
BRDA:38,11,0,12
BRDA:27,12,0,36
BRF:13
BRH:13
end_of_record
